# JRE version: Java(TM) SE Runtime Environment (8.0_91-b15) (build 1.8.0_91-b15)
# Java VM: Java HotSpot(TM) 64-Bit Server VM (25.91-b15 mixed mode windows-amd64 compressed oops)
Heap:
 PSYoungGen      total 465920K, used 48425K [0x00000000e0000000, 0x00000000ffd00000, 0x0000000100000000)
  eden space 410624K, 11% used [0x00000000e0000000,0x00000000e2f4a570,0x00000000f9100000)
  from space 55296K, 0% used [0x00000000f9100000,0x00000000f9100000,0x00000000fc700000)
  to   space 55296K, 0% used [0x00000000fc700000,0x00000000fc700000,0x00000000ffd00000)
 ParOldGen       total 209920K, used 36991K [0x00000000a0000000, 0x00000000acd00000, 0x00000000e0000000)
  object space 209920K, 17% used [0x00000000a0000000,0x00000000a241fe68,0x00000000acd00000)
 Metaspace       used 64431K, capacity 65982K, committed 66176K, reserved 1105920K
  class space    used 8439K, capacity 8787K, committed 8832K, reserved 1048576K
GC Heap History (10 events):
Event: 24.912 GC heap before
{Heap before GC invocations=22 (full 3):
 PSYoungGen      total 367616K, used 367584K [0x00000000e0000000, 0x00000000fbb00000, 0x0000000100000000)
  eden space 328704K, 100% used [0x00000000e0000000,0x00000000f4100000,0x00000000f4100000)
  from space 38912K, 99% used [0x00000000f7500000,0x00000000f9af80d0,0x00000000f9b00000)
  to   space 53248K, 0% used [0x00000000f4100000,0x00000000f4100000,0x00000000f7500000)
 ParOldGen       total 111104K, used 79238K [0x00000000a0000000, 0x00000000a6c80000, 0x00000000e0000000)
  object space 111104K, 71% used [0x00000000a0000000,0x00000000a4d61918,0x00000000a6c80000)
 Metaspace       used 60461K, capacity 61912K, committed 62080K, reserved 1103872K
  class space    used 7932K, capacity 8262K, committed 8320K, reserved 1048576K
Event: 25.007 GC heap after
Heap after GC invocations=22 (full 3):
 PSYoungGen      total 381952K, used 43421K [0x00000000e0000000, 0x0000000100000000, 0x0000000100000000)
  eden space 328704K, 0% used [0x00000000e0000000,0x00000000e0000000,0x00000000f4100000)
  from space 53248K, 81% used [0x00000000f4100000,0x00000000f6b675e0,0x00000000f7500000)
  to   space 58368K, 0% used [0x00000000fc700000,0x00000000fc700000,0x0000000100000000)
 ParOldGen       total 111104K, used 105934K [0x00000000a0000000, 0x00000000a6c80000, 0x00000000e0000000)
  object space 111104K, 95% used [0x00000000a0000000,0x00000000a6773b38,0x00000000a6c80000)
 Metaspace       used 60461K, capacity 61912K, committed 62080K, reserved 1103872K
  class space    used 7932K, capacity 8262K, committed 8320K, reserved 1048576K
}
Event: 25.007 GC heap before
{Heap before GC invocations=23 (full 4):
 PSYoungGen      total 381952K, used 43421K [0x00000000e0000000, 0x0000000100000000, 0x0000000100000000)
  eden space 328704K, 0% used [0x00000000e0000000,0x00000000e0000000,0x00000000f4100000)
  from space 53248K, 81% used [0x00000000f4100000,0x00000000f6b675e0,0x00000000f7500000)
  to   space 58368K, 0% used [0x00000000fc700000,0x00000000fc700000,0x0000000100000000)
 ParOldGen       total 111104K, used 105934K [0x00000000a0000000, 0x00000000a6c80000, 0x00000000e0000000)
  object space 111104K, 95% used [0x00000000a0000000,0x00000000a6773b38,0x00000000a6c80000)
 Metaspace       used 60461K, capacity 61912K, committed 62080K, reserved 1103872K
  class space    used 7932K, capacity 8262K, committed 8320K, reserved 1048576K
Event: 25.300 GC heap after
Heap after GC invocations=23 (full 4):
 PSYoungGen      total 381952K, used 0K [0x00000000e0000000, 0x0000000100000000, 0x0000000100000000)
  eden space 328704K, 0% used [0x00000000e0000000,0x00000000e0000000,0x00000000f4100000)
  from space 53248K, 0% used [0x00000000f4100000,0x00000000f4100000,0x00000000f7500000)
  to   space 58368K, 0% used [0x00000000fc700000,0x00000000fc700000,0x0000000100000000)
 ParOldGen       total 209920K, used 106119K [0x00000000a0000000, 0x00000000acd00000, 0x00000000e0000000)
  object space 209920K, 50% used [0x00000000a0000000,0x00000000a67a1e60,0x00000000acd00000)
 Metaspace       used 60461K, capacity 61912K, committed 62080K, reserved 1103872K
  class space    used 7932K, capacity 8262K, committed 8320K, reserved 1048576K
}
Event: 27.552 GC heap before
{Heap before GC invocations=24 (full 4):
 PSYoungGen      total 381952K, used 328682K [0x00000000e0000000, 0x0000000100000000, 0x0000000100000000)
  eden space 328704K, 99% used [0x00000000e0000000,0x00000000f40fab18,0x00000000f4100000)
  from space 53248K, 0% used [0x00000000f4100000,0x00000000f4100000,0x00000000f7500000)
  to   space 58368K, 0% used [0x00000000fc700000,0x00000000fc700000,0x0000000100000000)
 ParOldGen       total 209920K, used 106119K [0x00000000a0000000, 0x00000000acd00000, 0x00000000e0000000)
  object space 209920K, 50% used [0x00000000a0000000,0x00000000a67a1e60,0x00000000acd00000)
 Metaspace       used 62714K, capacity 64302K, committed 64384K, reserved 1105920K
  class space    used 8246K, capacity 8565K, committed 8576K, reserved 1048576K
Event: 27.577 GC heap after
Heap after GC invocations=24 (full 4):
 PSYoungGen      total 465920K, used 23243K [0x00000000e0000000, 0x00000000ffd00000, 0x0000000100000000)
  eden space 410624K, 0% used [0x00000000e0000000,0x00000000e0000000,0x00000000f9100000)
  from space 55296K, 42% used [0x00000000fc700000,0x00000000fddb2ef0,0x00000000ffd00000)
  to   space 55296K, 0% used [0x00000000f9100000,0x00000000f9100000,0x00000000fc700000)
 ParOldGen       total 209920K, used 106127K [0x00000000a0000000, 0x00000000acd00000, 0x00000000e0000000)
  object space 209920K, 50% used [0x00000000a0000000,0x00000000a67a3e60,0x00000000acd00000)
 Metaspace       used 62714K, capacity 64302K, committed 64384K, reserved 1105920K
  class space    used 8246K, capacity 8565K, committed 8576K, reserved 1048576K
}
Event: 27.879 GC heap before
{Heap before GC invocations=25 (full 4):
 PSYoungGen      total 465920K, used 182978K [0x00000000e0000000, 0x00000000ffd00000, 0x0000000100000000)
  eden space 410624K, 38% used [0x00000000e0000000,0x00000000e9bfdc90,0x00000000f9100000)
  from space 55296K, 42% used [0x00000000fc700000,0x00000000fddb2ef0,0x00000000ffd00000)
  to   space 55296K, 0% used [0x00000000f9100000,0x00000000f9100000,0x00000000fc700000)
 ParOldGen       total 209920K, used 106127K [0x00000000a0000000, 0x00000000acd00000, 0x00000000e0000000)
  object space 209920K, 50% used [0x00000000a0000000,0x00000000a67a3e60,0x00000000acd00000)
 Metaspace       used 64193K, capacity 65676K, committed 65920K, reserved 1105920K
  class space    used 8418K, capacity 8764K, committed 8832K, reserved 1048576K
Event: 27.898 GC heap after
Heap after GC invocations=25 (full 4):
 PSYoungGen      total 465920K, used 1466K [0x00000000e0000000, 0x00000000ffd00000, 0x0000000100000000)
  eden space 410624K, 0% used [0x00000000e0000000,0x00000000e0000000,0x00000000f9100000)
  from space 55296K, 2% used [0x00000000f9100000,0x00000000f926e910,0x00000000fc700000)
  to   space 55296K, 0% used [0x00000000fc700000,0x00000000fc700000,0x00000000ffd00000)
 ParOldGen       total 209920K, used 123542K [0x00000000a0000000, 0x00000000acd00000, 0x00000000e0000000)
  object space 209920K, 58% used [0x00000000a0000000,0x00000000a78a5838,0x00000000acd00000)
 Metaspace       used 64193K, capacity 65676K, committed 65920K, reserved 1105920K
  class space    used 8418K, capacity 8764K, committed 8832K, reserved 1048576K
}
Event: 27.898 GC heap before
{Heap before GC invocations=26 (full 5):
 PSYoungGen      total 465920K, used 1466K [0x00000000e0000000, 0x00000000ffd00000, 0x0000000100000000)
  eden space 410624K, 0% used [0x00000000e0000000,0x00000000e0000000,0x00000000f9100000)
  from space 55296K, 2% used [0x00000000f9100000,0x00000000f926e910,0x00000000fc700000)
  to   space 55296K, 0% used [0x00000000fc700000,0x00000000fc700000,0x00000000ffd00000)
 ParOldGen       total 209920K, used 123542K [0x00000000a0000000, 0x00000000acd00000, 0x00000000e0000000)
  object space 209920K, 58% used [0x00000000a0000000,0x00000000a78a5838,0x00000000acd00000)
 Metaspace       used 64193K, capacity 65676K, committed 65920K, reserved 1105920K
  class space    used 8418K, capacity 8764K, committed 8832K, reserved 1048576K
Event: 28.109 GC heap after
Heap after GC invocations=26 (full 5):
 PSYoungGen      total 465920K, used 0K [0x00000000e0000000, 0x00000000ffd00000, 0x0000000100000000)
  eden space 410624K, 0% used [0x00000000e0000000,0x00000000e0000000,0x00000000f9100000)
  from space 55296K, 0% used [0x00000000f9100000,0x00000000f9100000,0x00000000fc700000)
  to   space 55296K, 0% used [0x00000000fc700000,0x00000000fc700000,0x00000000ffd00000)
 ParOldGen       total 209920K, used 36991K [0x00000000a0000000, 0x00000000acd00000, 0x00000000e0000000)
  object space 209920K, 17% used [0x00000000a0000000,0x00000000a241fe68,0x00000000acd00000)
 Metaspace       used 64193K, capacity 65676K, committed 65920K, reserved 1105920K
  class space    used 8418K, capacity 8764K, committed 8832K, reserved 1048576K
}

